<?xml version="1.0" encoding="UTF-8"?>
<!-- Generated by org.testng.reporters.JUnitReportReporter -->
<testsuite hostname="DESKTOP-RC95IVI" failures="0" tests="1" name="c1658_1.ExamBank" time="14.836" errors="0" timestamp="2022-11-18T10:05:11 IST" skipped="0">
  <testcase classname="c1658_1.ExamBank" name="examBank" time="14.836"/>
  <system-out/>
</testsuite> <!-- c1658_1.ExamBank -->
