<?xml version="1.0" encoding="UTF-8"?>
<!-- Generated by org.testng.reporters.JUnitReportReporter -->
<testsuite hostname="DESKTOP-RC95IVI" failures="0" tests="1" name="C1658_1.ItemBank" time="13.977" errors="0" timestamp="2022-11-15T11:05:07 IST" skipped="0">
  <testcase classname="C1658_1.ItemBank" name="test" time="13.977"/>
  <system-out/>
</testsuite> <!-- C1658_1.ItemBank -->
